[0.020s] Invoking command in '/home/vboxuser/bumperbot_ws/build/bumperbot_description': CMAKE_PREFIX_PATH=${CMAKE_PREFIX_PATH}:/home/vboxuser/Documents/ros2_ws/install/my_py_pkg:/opt/ros/jazzy DEBUGINFOD_URLS=https://debuginfod.ubuntu.com /usr/bin/cmake --build /home/vboxuser/bumperbot_ws/build/bumperbot_description -- -j8 -l8
[0.211s] Invoked command in '/home/vboxuser/bumperbot_ws/build/bumperbot_description' returned '0': CMAKE_PREFIX_PATH=${CMAKE_PREFIX_PATH}:/home/vboxuser/Documents/ros2_ws/install/my_py_pkg:/opt/ros/jazzy DEBUGINFOD_URLS=https://debuginfod.ubuntu.com /usr/bin/cmake --build /home/vboxuser/bumperbot_ws/build/bumperbot_description -- -j8 -l8
[0.224s] Invoking command in '/home/vboxuser/bumperbot_ws/build/bumperbot_description': CMAKE_PREFIX_PATH=${CMAKE_PREFIX_PATH}:/home/vboxuser/Documents/ros2_ws/install/my_py_pkg:/opt/ros/jazzy DEBUGINFOD_URLS=https://debuginfod.ubuntu.com /usr/bin/cmake --install /home/vboxuser/bumperbot_ws/build/bumperbot_description
[0.240s] -- Install configuration: ""
[0.241s] -- Installing: /home/vboxuser/bumperbot_ws/install/bumperbot_description/share/$(PROJECT_NAME)/meshes
[0.241s] -- Installing: /home/vboxuser/bumperbot_ws/install/bumperbot_description/share/$(PROJECT_NAME)/meshes/base_link.STL
[0.270s] -- Installing: /home/vboxuser/bumperbot_ws/install/bumperbot_description/share/$(PROJECT_NAME)/meshes/imu_link.STL
[0.270s] -- Installing: /home/vboxuser/bumperbot_ws/install/bumperbot_description/share/$(PROJECT_NAME)/meshes/wheel_right_link.STL
[0.270s] -- Installing: /home/vboxuser/bumperbot_ws/install/bumperbot_description/share/$(PROJECT_NAME)/meshes/caster_front_link.STL
[0.270s] -- Installing: /home/vboxuser/bumperbot_ws/install/bumperbot_description/share/$(PROJECT_NAME)/meshes/caster_rear_link.STL
[0.272s] -- Installing: /home/vboxuser/bumperbot_ws/install/bumperbot_description/share/$(PROJECT_NAME)/meshes/wheel_left_link.STL
[0.273s] -- Installing: /home/vboxuser/bumperbot_ws/install/bumperbot_description/share/$(PROJECT_NAME)/urdf
[0.273s] -- Installing: /home/vboxuser/bumperbot_ws/install/bumperbot_description/share/$(PROJECT_NAME)/urdf/bumperbot.urdf.xacro
[0.273s] -- Installing: /home/vboxuser/bumperbot_ws/install/bumperbot_description/share/ament_index/resource_index/package_run_dependencies/bumperbot_description
[0.274s] -- Installing: /home/vboxuser/bumperbot_ws/install/bumperbot_description/share/ament_index/resource_index/parent_prefix_path/bumperbot_description
[0.274s] -- Installing: /home/vboxuser/bumperbot_ws/install/bumperbot_description/share/bumperbot_description/environment/ament_prefix_path.sh
[0.274s] -- Installing: /home/vboxuser/bumperbot_ws/install/bumperbot_description/share/bumperbot_description/environment/ament_prefix_path.dsv
[0.274s] -- Installing: /home/vboxuser/bumperbot_ws/install/bumperbot_description/share/bumperbot_description/environment/path.sh
[0.274s] -- Installing: /home/vboxuser/bumperbot_ws/install/bumperbot_description/share/bumperbot_description/environment/path.dsv
[0.274s] -- Installing: /home/vboxuser/bumperbot_ws/install/bumperbot_description/share/bumperbot_description/local_setup.bash
[0.274s] -- Installing: /home/vboxuser/bumperbot_ws/install/bumperbot_description/share/bumperbot_description/local_setup.sh
[0.274s] -- Installing: /home/vboxuser/bumperbot_ws/install/bumperbot_description/share/bumperbot_description/local_setup.zsh
[0.275s] -- Installing: /home/vboxuser/bumperbot_ws/install/bumperbot_description/share/bumperbot_description/local_setup.dsv
[0.275s] -- Installing: /home/vboxuser/bumperbot_ws/install/bumperbot_description/share/bumperbot_description/package.dsv
[0.275s] -- Installing: /home/vboxuser/bumperbot_ws/install/bumperbot_description/share/ament_index/resource_index/packages/bumperbot_description
[0.275s] -- Installing: /home/vboxuser/bumperbot_ws/install/bumperbot_description/share/bumperbot_description/cmake/bumperbot_descriptionConfig.cmake
[0.275s] -- Installing: /home/vboxuser/bumperbot_ws/install/bumperbot_description/share/bumperbot_description/cmake/bumperbot_descriptionConfig-version.cmake
[0.275s] -- Installing: /home/vboxuser/bumperbot_ws/install/bumperbot_description/share/bumperbot_description/package.xml
[0.278s] Invoked command in '/home/vboxuser/bumperbot_ws/build/bumperbot_description' returned '0': CMAKE_PREFIX_PATH=${CMAKE_PREFIX_PATH}:/home/vboxuser/Documents/ros2_ws/install/my_py_pkg:/opt/ros/jazzy DEBUGINFOD_URLS=https://debuginfod.ubuntu.com /usr/bin/cmake --install /home/vboxuser/bumperbot_ws/build/bumperbot_description
