[0.986s] Invoking command in '/home/hima/bumperbot_ws/src/bumperbot_py_examples': PYTHONPATH=/home/hima/bumperbot_ws/build/bumperbot_py_examples/prefix_override:/home/hima/bumperbot_ws/install/bumperbot_py_examples/lib/python3.8/site-packages:${PYTHONPATH} /usr/bin/python3 -W ignore:setup.py install is deprecated setup.py egg_info --egg-base ../../build/bumperbot_py_examples build --build-base /home/hima/bumperbot_ws/build/bumperbot_py_examples/build install --record /home/hima/bumperbot_ws/build/bumperbot_py_examples/install.log --single-version-externally-managed install_data
[1.352s] running egg_info
[1.352s] creating ../../build/bumperbot_py_examples/bumperbot_py_examples.egg-info
[1.352s] writing ../../build/bumperbot_py_examples/bumperbot_py_examples.egg-info/PKG-INFO
[1.352s] writing dependency_links to ../../build/bumperbot_py_examples/bumperbot_py_examples.egg-info/dependency_links.txt
[1.352s] writing entry points to ../../build/bumperbot_py_examples/bumperbot_py_examples.egg-info/entry_points.txt
[1.352s] writing requirements to ../../build/bumperbot_py_examples/bumperbot_py_examples.egg-info/requires.txt
[1.352s] writing top-level names to ../../build/bumperbot_py_examples/bumperbot_py_examples.egg-info/top_level.txt
[1.352s] writing manifest file '../../build/bumperbot_py_examples/bumperbot_py_examples.egg-info/SOURCES.txt'
[1.373s] reading manifest file '../../build/bumperbot_py_examples/bumperbot_py_examples.egg-info/SOURCES.txt'
[1.373s] writing manifest file '../../build/bumperbot_py_examples/bumperbot_py_examples.egg-info/SOURCES.txt'
[1.373s] running build
[1.373s] running build_py
[1.373s] creating /home/hima/bumperbot_ws/build/bumperbot_py_examples/build
[1.373s] creating /home/hima/bumperbot_ws/build/bumperbot_py_examples/build/lib
[1.373s] creating /home/hima/bumperbot_ws/build/bumperbot_py_examples/build/lib/bumperbot_py_examples
[1.373s] copying bumperbot_py_examples/__init__.py -> /home/hima/bumperbot_ws/build/bumperbot_py_examples/build/lib/bumperbot_py_examples
[1.373s] running install
[1.374s] running install_lib
[1.375s] creating /home/hima/bumperbot_ws/install/bumperbot_py_examples/lib/python3.8/site-packages/bumperbot_py_examples
[1.375s] copying /home/hima/bumperbot_ws/build/bumperbot_py_examples/build/lib/bumperbot_py_examples/__init__.py -> /home/hima/bumperbot_ws/install/bumperbot_py_examples/lib/python3.8/site-packages/bumperbot_py_examples
[1.376s] byte-compiling /home/hima/bumperbot_ws/install/bumperbot_py_examples/lib/python3.8/site-packages/bumperbot_py_examples/__init__.py to __init__.cpython-38.pyc
[1.376s] running install_data
[1.377s] creating /home/hima/bumperbot_ws/install/bumperbot_py_examples/share/ament_index
[1.377s] creating /home/hima/bumperbot_ws/install/bumperbot_py_examples/share/ament_index/resource_index
[1.377s] creating /home/hima/bumperbot_ws/install/bumperbot_py_examples/share/ament_index/resource_index/packages
[1.377s] copying resource/bumperbot_py_examples -> /home/hima/bumperbot_ws/install/bumperbot_py_examples/share/ament_index/resource_index/packages
[1.377s] copying package.xml -> /home/hima/bumperbot_ws/install/bumperbot_py_examples/share/bumperbot_py_examples
[1.377s] running install_egg_info
[1.378s] Copying ../../build/bumperbot_py_examples/bumperbot_py_examples.egg-info to /home/hima/bumperbot_ws/install/bumperbot_py_examples/lib/python3.8/site-packages/bumperbot_py_examples-0.0.0-py3.8.egg-info
[1.379s] running install_scripts
[1.393s] writing list of installed files to '/home/hima/bumperbot_ws/build/bumperbot_py_examples/install.log'
[1.404s] Invoked command in '/home/hima/bumperbot_ws/src/bumperbot_py_examples' returned '0': PYTHONPATH=/home/hima/bumperbot_ws/build/bumperbot_py_examples/prefix_override:/home/hima/bumperbot_ws/install/bumperbot_py_examples/lib/python3.8/site-packages:${PYTHONPATH} /usr/bin/python3 -W ignore:setup.py install is deprecated setup.py egg_info --egg-base ../../build/bumperbot_py_examples build --build-base /home/hima/bumperbot_ws/build/bumperbot_py_examples/build install --record /home/hima/bumperbot_ws/build/bumperbot_py_examples/install.log --single-version-externally-managed install_data
