[0.135s] Invoking command in '/home/vboxuser/bumperbot_ws/build/bumperbot_description': CMAKE_PREFIX_PATH=${CMAKE_PREFIX_PATH}:/home/vboxuser/Documents/ros2_ws/install/my_py_pkg:/opt/ros/jazzy DEBUGINFOD_URLS=https://debuginfod.ubuntu.com /usr/bin/cmake /home/vboxuser/bumperbot_ws/src/bumperbot_description -DCMAKE_INSTALL_PREFIX=/home/vboxuser/bumperbot_ws/install/bumperbot_description
[0.768s] -- The C compiler identification is GNU 13.3.0
[1.154s] -- The CXX compiler identification is GNU 13.3.0
[1.248s] -- Detecting C compiler ABI info
[1.591s] -- Detecting C compiler ABI info - done
[1.599s] -- Check for working C compiler: /usr/bin/cc - skipped
[1.600s] -- Detecting C compile features
[1.603s] -- Detecting C compile features - done
[1.627s] -- Detecting CXX compiler ABI info
[1.789s] -- Detecting CXX compiler ABI info - done
[1.804s] -- Check for working CXX compiler: /usr/bin/c++ - skipped
[1.805s] -- Detecting CXX compile features
[1.807s] -- Detecting CXX compile features - done
[1.841s] -- Found ament_cmake: 2.5.4 (/opt/ros/jazzy/share/ament_cmake/cmake)
[2.064s] -- Found Python3: /usr/bin/python3 (found version "3.12.3") found components: Interpreter 
[2.163s] -- Found ament_lint_auto: 0.17.2 (/opt/ros/jazzy/share/ament_lint_auto/cmake)
[2.282s] -- Added test 'lint_cmake' to check CMake code style
[2.283s] -- Added test 'xmllint' to check XML markup files
[2.285s] -- Configuring done (1.9s)
[2.290s] -- Generating done (0.0s)
[2.290s] -- Build files have been written to: /home/vboxuser/bumperbot_ws/build/bumperbot_description
